<?xml version="1.0" encoding="UTF-8"?>
<testsuite name="io.github.lifecache.LocalCacheTest" tests="4" skipped="0" failures="0" errors="0" timestamp="2026-02-05T09:48:26.551Z" hostname="Weihuas-MacBook-Air.local" time="0.173">
  <properties/>
  <testcase name="testCacheEntry()" classname="io.github.lifecache.LocalCacheTest" time="0.014"/>
  <testcase name="testCacheOperations()" classname="io.github.lifecache.LocalCacheTest" time="0.002"/>
  <testcase name="testAdaptiveTtl()" classname="io.github.lifecache.LocalCacheTest" time="0.152"/>
  <testcase name="testCacheHitAndMiss()" classname="io.github.lifecache.LocalCacheTest" time="0.003"/>
  <system-out><![CDATA[]]></system-out>
  <system-err><![CDATA[]]></system-err>
</testsuite>
