<?xml version="1.0" encoding="UTF-8"?>
<testsuite name="io.github.lifecache.SlidingWindowCollectorTest" tests="6" skipped="0" failures="0" errors="0" timestamp="2026-02-02T08:47:43.279Z" hostname="Weihuas-MacBook-Air.local" time="0.02">
  <properties/>
  <testcase name="testEmptyCollector()" classname="io.github.lifecache.SlidingWindowCollectorTest" time="0.0"/>
  <testcase name="testClear()" classname="io.github.lifecache.SlidingWindowCollectorTest" time="0.001"/>
  <testcase name="testRead()" classname="io.github.lifecache.SlidingWindowCollectorTest" time="0.0"/>
  <testcase name="testPercentiles()" classname="io.github.lifecache.SlidingWindowCollectorTest" time="0.001"/>
  <testcase name="testStartSample()" classname="io.github.lifecache.SlidingWindowCollectorTest" time="0.015"/>
  <testcase name="testReadReturnsNullWhenEmpty()" classname="io.github.lifecache.SlidingWindowCollectorTest" time="0.001"/>
  <system-out><![CDATA[]]></system-out>
  <system-err><![CDATA[]]></system-err>
</testsuite>
